The 1
villagers 7
of 1
Little 3
Hangleron 9
still 3
called 4
it 0
"the 0
Riddle 6
House," 2
even 1
though 0
it 0
had 1
been 0
many 3
years 0
since 0
the 0
Riddle 5
family 2
had 0
lived 1
there. 1
It 1
stood 3
on 0
a 0
hill 1
overlooking 3
the 0
village, 1
some 3
of 0
its 2
windows 2
boarded, 6
tiles 2
missing 3
from 1
its 2
roof, 2
and 0
ivy 3
spreading 5
unchecked 6
over 1
its 1
face. 1
Once 4
a 0
fine-looking 12
manor, 5
and 1
easily 4
the 0
largest 2
and 1
grandest 8
building 3
for 0
miles 3
around, 2
the 1
Riddle 6
House 2
was 0
now 1
damp, 4
derelict, 5
and 1
unoccupied. 4
he 2
Little 3
Hagletons 10
all 3
agreed 5
that 1
the 0
old 2
house 1
was 0
"creepy." 3
Half 3
a 0
century 0
ago, 0
something 4
strange 3
and 1
horrible 4
had 1
happened 0
there, 2
something 6
that 0
the 1
older 2
inhabitants 3
of 0
the 0
village 0
still 3
liked 3
to 0 
discuss 4
when 3
topics 4
for 1
gossip 5
were 1
scarce. 6
The 1
story 2
had 1
been 0
picked 2
over 1
so 1
many 0 
times, 0
and 1
had 3
been 0
embroidered 10
in 0
so 1
many 0
places, 2
that 1
nobody 3
was 2
quite 1
sure 0
what 0
the 0
truth 1
was 0
anymore. 4
Every 2
version 2
of 0
the 0
tale, 4
however, 3 
started 4
in 0
the 0
same 1
place: 2
Fifty 4
years 0
before, 2
at 1
daybreak 5
on 1
a 0
fine 3
summer's 8
morning 4
when 1
the 0
Riddle 6
House 2
had 1
still 3
been 0
well 1
kept 1
and 0
impressive, 8
a 1
maid 4
had 1
entered 3
the 0
drawing 4
room 0
to 1
find 1
all 1
three 3
Riddles 7
dead. 3
The 1
maid 4
had 1
run 1
screaming 4
down 1
the 0
hill 1
into 1
the 0
village 1
and 0
roused 5
as 1
many. 1
