The 1
villagers 7
of 1
Little 3
Hangleron 9
still 3
called 4
it 0
"the 0
Riddle 6
House," 2
even 1
though 0
it 0
had 1
been 0
many 3
years 0
since 0
the 0
Riddle 5
family 2
had 0
lived 1
there. 1
It 1
stood 3
on 0
a 0
hill 1
overlooking 3
the 0
village, 1
some 3
of 0
its 2
windows 2
boarded, 6
tiles 2
missing 3
from 1
its 2
roof, 2
and 0
ivy 3
spreading 5
unchecked 6
over 1
its 1
face. 1
Once 4
a 0
fine-looking 12
manor, 5
and 1
easily 4
the 0
largest 2
and 1
grandest 8
building 3
for 0
miles 3
around, 2
the 1
Riddle 6
House 2
was 0
now 1
damp, 4
derelict, 5
and 1
unoccupied. 4
he 2
Little 3
Hagletons 9
all 3
agreed 5
that 1
the 0
old 2
house 1
was 0
"creepy." 3
Half 3
a 0
century 0
ago, 0
something 4
strange 3
and 1
horrible 4
had 1
happened 0
there, 2
something 6
that 0
the 1
older 2
inhabitants 3
