The 1
villagers 7 
of 1
Little 2
Hangleron 9
still 2
called 3
it 1
"the 1
Riddle 5
House," 3
even 2
though 2
it 0
had 1
been 0
many 3
years 1
since 2
the 0
Riddle 5
family 2
had 1
lived 5 
there. 1
It 1
stood 4
on 1
a 0 
hill 3
overlooking 2
the 1
village, 3
some 2
of 0
its 2
windows 5
boarded, 3
tiles 4
missing 3
from 0
its 2
roof, 4
and 0
ivy 3
spreading 5
unchecked 5
over 2
its 2
face. 3
Once 3
a 0 
fine-looking 6
manor, 5
and 1
easily 4
the 1
largest 4
and 0
grandest 7
building 3
for 1
miles 4
around, 2
the 0 
Riddle 5
House 3
was 1
now 2
damp, 4
derelict, 5
and 1
unoccupied. 4
The 1
Little 2
Hagletons 9
all 2
agreed 3
that 0 
the 0
old 2
house 2
was 1 
"creepy." 4
Half 3
a 0
century 5
ago, 0 
something 4
strange 3
and 0 
horrible 4
had 2
happened 3
there, 3
something 2
that 0
the 0 
older 3
inhabitants 4
of 0
the 0
village 3
still 2
liked 4
to 0
discuss 3
when 3
topics 3
for 1
gossip 5
were 2
scarce. 5
The 1
story 2
had 2
been 1
picked 4
over 2
so 2
many 0
times, 0
and 0
had 2
been 0
embroidered 10
in 1
so 1
many 0
places, 2
that 0 
nobody 3
was 2
quite 1
sure 0
what 1
the 0
truth 2
was 1
anymore. 4
Every 2
version 4
of 0
the 0
tale, 4
however, 3
started 4
in 0
the 0
same 0
place: 2
Fifty 3
years 0 
before, 2
at 1
daybreak 4
on 1
a 0
fine 3
summer's 6 
morning 4
when 1
the 0
Riddle 5
House 3
had 1
still 3
been 2
well 2
kept 3
and 1
impressive, 4
a 1 
maid 4
had 2
entered 6
the 0
drawing 4
room 0
to 0
find 1
all 2
three 3
Riddles 7
dead. 2
The 1
maid 4
had 2
run 2
screaming 5
down 1
the 0
hill 3
into 2
the 0
village 3
and 0
roused 6
as 1
many. 1