The 1
villagers 7 
of 1
Little 2
Hangleron 9
still 2
called 3
it 1
"the 1
Riddle 5
House," 3
even 2
though 2
it 0
had 1
been 0
many 3
years 1
since 2
the 0
Riddle 5
family 2
had 1
lived 5 
there. 1
It 1
stood 4
on 1
a 0 
hill 3
overlooking 2
the 1
village, 3
some 2
of 0
its 2
windows 5
boarded, 3
tiles 4
missing 3
from 0
its 2
roof, 4
and 0
ivy 3
spreading 5
unchecked 5
over 2
its 2
face. 3
Once 3
a 0 
fine-looking 6
manor, 5
and 1
easily 4
the 1
largest 4
and 0
grandest 7
building 3
for 1
miles 4
around, 2
the 0 
Riddle 5
House 3
was 1
now 2
damp, 4
derelict, 5
and 1
unoccupied. 4
The 1
Little 2
Hagletons 9
all 2
agreed 3
that 0 
the 0
old 2
house 2
was 1 
"creepy." 4
Half 3
a 0
century 5
ago, 0 
something 4
strange 3
and 0 
horrible 4
had 2
happened 3
there, 3
something 2
that 0
the 0 
older 3
inhabitants 4