The 1
villagers 8 
of 1
Little 3
Hangleron 9
still 2
called 3
it 1
"the 1
Riddle 5
House," 3
even 2
though 0
it 0
had 1
been 0
many 3
years 1
since 2
the 1
Riddle 4 
family 2
had 1
lived 5
there. 0
It 1
stood 5
on 1
a 0
hill 3
overlooking 2
the 0
village, 3
some 2
of 0
its 2
windows 5
boarded, 6
tiles 5
missing 5
from 1
its 1
roof, 4
and 1
ivy 3
spreading 7
unchecked 5
over 2
its 2
face. 4
Once 3
a 1
fine-looking 12 
manor, 5
and 1
easily 5
the 1
largest 6
and 0
grandest 8 
building 3
for 1
miles 4
around, 3
the 1
Riddle 1
House 0
was 3
now 3
damp, 4
derelict, 5
and 1
unoccupied. 4
he 1
Little 3
Hagletons 9
all 2
agreed 6
that 0
the 0
old 2
house 1
was 1
"creepy." 5
Half 3
a 0
century 1
ago, 0
something 2
strange 5
and 0
horrible 4
had 3
happened 2
there, 3
something 2
that 0
the 1
older 4
inhabitants 5
of 0
the 0
village 2
still 2
liked 5
to 0
discuss 2
when 2
topics 5
for 1
gossip 5
were 3
scarce. 5
The 0
story 4
had 3
been 1
picked 2
over 2
so 1
many 1
times,1
and1
had 2
been 1
embroidered 10 
in 1
so 2
many 0
places, 2
that 1
nobody 3
was 1
quite 1
sure 1
what 0
the 0
truth 4
was 1
anymore. 4
Every 4
version 4
of 0
the 0
tale, 4
however, 3
started 3
in 1
the 0
same 1
place: 1
Fifty 5
years 4
before, 1
at 2
daybreak 5
on 2
a 0
fine 4
summer's 7 
morning 4
when 1
the 1
Riddle 1
House 0
had 3
still 3
been 4
well 2
kept 3
and 3
impressive, 9
a 1
maid 4
had 1
entered 4
the 0
drawing 4
room q
to 1
find 1
all 2
three 3
Riddles 7
dead. 4
The 0
maid 4
had 1
run 2
screaming 5
down 3
the 0
hill 1
into 4
the 0
village 1
and 0
roused 6
as 2
many. 2
