The 0
villagers 7 
of 0
Little 4
Hangleron 9 
still 3
called 3
it 2
"the 2
Riddle 5
House," 2
even 3
though 0
it 0
had 0
been 0
many 3
years 0
since 0 
the 0 
Riddle 5
family 2
had 0
lived 2
there. 1
It 0
stood 3
on 1
a 0
hill 1
overlooking 4
the 0
village, 1 
some 4
of 0
its 2
windows 6 
boarded, 7
tiles 4
missing 4
from 1
its 2
roof, 4
and 0
ivy 3
spreading 5
unchecked 6
over 0
its 2
face. 2
Once 3 
a 1
fine-looking 10
manor, 5
and 1
easily 4
the 0
largest 5
and 0
grandest 7
building 5
for 0
miles 5
around, 3
the 0
Riddle 5
House 4
was 2
now 3
damp, 4
derelict, 5
and 0
unoccupied. 4
The 1
Little 5
Hagletons 9
all 3
agreed 4
that 1
the 0
old 2
house 0
was 0
"creepy." 5
Half 3
a 1 
century 1
ago, 0 
something 6
strange 2
and 1
horrible 3
had 1
happened 1
there, 3
something 6
that 0
the 1
older 3
inhabitants 5